[debug] [2023-06-07T05:34:09.531Z] ----------------------------------------------------------------------
[debug] [2023-06-07T05:34:09.544Z] Command:       C:\Program Files\nodejs\node.exe C:\Users\user\AppData\Roaming\npm\node_modules\firebase-tools\lib\bin\firebase.js deploy
[debug] [2023-06-07T05:34:09.548Z] CLI Version:   11.20.0
[debug] [2023-06-07T05:34:09.549Z] Platform:      win32
[debug] [2023-06-07T05:34:09.549Z] Node Version:  v19.7.0
[debug] [2023-06-07T05:34:09.550Z] Time:          Wed Jun 07 2023 14:34:09 GMT+0900 (Japan Standard Time)
[debug] [2023-06-07T05:34:09.551Z] ----------------------------------------------------------------------
[debug] 
[debug] [2023-06-07T05:34:09.581Z] >>> [apiv2][query] GET https://firebase-public.firebaseio.com/cli.json [none]
[debug] [2023-06-07T05:34:10.075Z] > command requires scopes: ["email","openid","https://www.googleapis.com/auth/cloudplatformprojects.readonly","https://www.googleapis.com/auth/firebase","https://www.googleapis.com/auth/cloud-platform"]
[debug] [2023-06-07T05:34:10.077Z] > authorizing via signed-in user (aaronhardy6@gmail.com)
[debug] [2023-06-07T05:34:10.078Z] [iam] checking project recipe-react-app-ad1cc for permissions ["firebase.projects.get","firebasehosting.sites.update"]
[debug] [2023-06-07T05:34:10.084Z] > refreshing access token with scopes: []
[debug] [2023-06-07T05:34:10.094Z] >>> [apiv2][query] POST https://www.googleapis.com/oauth2/v3/token [none]
[debug] [2023-06-07T05:34:10.094Z] >>> [apiv2][body] POST https://www.googleapis.com/oauth2/v3/token [omitted]
[debug] [2023-06-07T05:34:10.332Z] <<< [apiv2][status] POST https://www.googleapis.com/oauth2/v3/token 400
[debug] [2023-06-07T05:34:10.334Z] <<< [apiv2][body] POST https://www.googleapis.com/oauth2/v3/token [omitted]
[debug] [2023-06-07T05:34:10.336Z] >>> [apiv2][query] POST https://cloudresourcemanager.googleapis.com/v1/projects/recipe-react-app-ad1cc:testIamPermissions [none]
[debug] [2023-06-07T05:34:10.339Z] >>> [apiv2][(partial)header] POST https://cloudresourcemanager.googleapis.com/v1/projects/recipe-react-app-ad1cc:testIamPermissions x-goog-quota-user=projects/recipe-react-app-ad1cc
[debug] [2023-06-07T05:34:10.340Z] >>> [apiv2][body] POST https://cloudresourcemanager.googleapis.com/v1/projects/recipe-react-app-ad1cc:testIamPermissions {"permissions":["firebase.projects.get","firebasehosting.sites.update"]}
[debug] [2023-06-07T05:34:10.638Z] <<< [apiv2][status] GET https://firebase-public.firebaseio.com/cli.json 200
[debug] [2023-06-07T05:34:10.639Z] <<< [apiv2][body] GET https://firebase-public.firebaseio.com/cli.json {"cloudBuildErrorAfter":1594252800000,"cloudBuildWarnAfter":1590019200000,"defaultNode10After":1594252800000,"minVersion":"3.0.5","node8DeploysDisabledAfter":1613390400000,"node8RuntimeDisabledAfter":1615809600000,"node8WarnAfter":1600128000000}
[debug] [2023-06-07T05:34:11.085Z] <<< [apiv2][status] POST https://cloudresourcemanager.googleapis.com/v1/projects/recipe-react-app-ad1cc:testIamPermissions 401
[debug] [2023-06-07T05:34:11.085Z] <<< [apiv2][body] POST https://cloudresourcemanager.googleapis.com/v1/projects/recipe-react-app-ad1cc:testIamPermissions {"error":{"code":401,"message":"Request had invalid authentication credentials. Expected OAuth 2 access token, login cookie or other valid authentication credential. See https://developers.google.com/identity/sign-in/web/devconsole-project.","status":"UNAUTHENTICATED","details":[{"@type":"type.googleapis.com/google.rpc.ErrorInfo","reason":"ACCESS_TOKEN_TYPE_UNSUPPORTED","metadata":{"service":"cloudresourcemanager.googleapis.com","method":"google.cloudresourcemanager.v1.Projects.TestIamPermissions"}}]}}
[debug] [2023-06-07T05:34:11.091Z] [iam] error while checking permissions, command may fail: FirebaseError: HTTP Error: 401, Request had invalid authentication credentials. Expected OAuth 2 access token, login cookie or other valid authentication credential. See https://developers.google.com/identity/sign-in/web/devconsole-project.
[debug] [2023-06-07T05:34:11.093Z] > refreshing access token with scopes: []
[debug] [2023-06-07T05:34:11.096Z] >>> [apiv2][query] POST https://www.googleapis.com/oauth2/v3/token [none]
[debug] [2023-06-07T05:34:11.096Z] >>> [apiv2][body] POST https://www.googleapis.com/oauth2/v3/token [omitted]
[debug] [2023-06-07T05:34:11.181Z] <<< [apiv2][status] POST https://www.googleapis.com/oauth2/v3/token 400
[debug] [2023-06-07T05:34:11.182Z] <<< [apiv2][body] POST https://www.googleapis.com/oauth2/v3/token [omitted]
[debug] [2023-06-07T05:34:11.185Z] >>> [apiv2][query] GET https://firebase.googleapis.com/v1beta1/projects/recipe-react-app-ad1cc [none]
[debug] [2023-06-07T05:34:11.326Z] <<< [apiv2][status] GET https://firebase.googleapis.com/v1beta1/projects/recipe-react-app-ad1cc 401
[debug] [2023-06-07T05:34:11.326Z] <<< [apiv2][body] GET https://firebase.googleapis.com/v1beta1/projects/recipe-react-app-ad1cc {"error":{"code":401,"message":"Request had invalid authentication credentials. Expected OAuth 2 access token, login cookie or other valid authentication credential. See https://developers.google.com/identity/sign-in/web/devconsole-project.","status":"UNAUTHENTICATED"}}
[debug] [2023-06-07T05:34:11.328Z] HTTP Error: 401, Request had invalid authentication credentials. Expected OAuth 2 access token, login cookie or other valid authentication credential. See https://developers.google.com/identity/sign-in/web/devconsole-project.
[debug] [2023-06-07T05:34:11.477Z] FirebaseError: HTTP Error: 401, Request had invalid authentication credentials. Expected OAuth 2 access token, login cookie or other valid authentication credential. See https://developers.google.com/identity/sign-in/web/devconsole-project.
    at responseToError (C:\Users\user\AppData\Roaming\npm\node_modules\firebase-tools\lib\responseToError.js:49:12)
    at RetryOperation._fn (C:\Users\user\AppData\Roaming\npm\node_modules\firebase-tools\lib\apiv2.js:288:77)
    at process.processTicksAndRejections (node:internal/process/task_queues:95:5)
[error] 
[error] Error: Failed to get Firebase project recipe-react-app-ad1cc. Please make sure the project exists and your account has permission to access it.
